<?xml version="1.0" encoding="UTF-8"?>
<!-- Generated by org.testng.reporters.JUnitXMLReporter -->
<testsuite ignored="0" hostname="LAPTOP-6QAK9GMR" failures="0" tests="4" name="Default test" time="0.58" errors="0" timestamp="2022-02-15T10:29:39 PST">
  <testcase classname="com.google.testcases.baseClass" name="@BeforeClass setup" time="-1.644949779075E9">
    <failure type="org.testng.TestNGException" message="
Parameter &amp;apos;browser&amp;apos; is required by BeforeClass on method setup but has not been marked @Optional or defined
in C:\Users\sathi\AppData\Local\Temp\testng-eclipse--50127113\testng-customsuite.xml">
      <![CDATA[org.testng.TestNGException: 
Parameter 'browser' is required by BeforeClass on method setup but has not been marked @Optional or defined
in C:\Users\sathi\AppData\Local\Temp\testng-eclipse--50127113\testng-customsuite.xml
at org.testng.internal.Parameters.createParams(Parameters.java:272)
at org.testng.internal.Parameters.createParametersForMethod(Parameters.java:360)
at org.testng.internal.Parameters.createParameters(Parameters.java:704)
at org.testng.internal.Parameters.createConfigurationParameters(Parameters.java:166)
at org.testng.internal.ConfigInvoker.invokeConfigurations(ConfigInvoker.java:283)
at org.testng.internal.TestMethodWorker.invokeBeforeClassMethods(TestMethodWorker.java:176)
at org.testng.internal.TestMethodWorker.run(TestMethodWorker.java:122)
at java.base/java.util.ArrayList.forEach(ArrayList.java:1511)
at org.testng.TestRunner.privateRun(TestRunner.java:766)
at org.testng.TestRunner.run(TestRunner.java:587)
at org.testng.SuiteRunner.runTest(SuiteRunner.java:384)
at org.testng.SuiteRunner.runSequentially(SuiteRunner.java:378)
at org.testng.SuiteRunner.privateRun(SuiteRunner.java:337)
at org.testng.SuiteRunner.run(SuiteRunner.java:286)
at org.testng.SuiteRunnerWorker.runSuite(SuiteRunnerWorker.java:53)
at org.testng.SuiteRunnerWorker.run(SuiteRunnerWorker.java:96)
at org.testng.TestNG.runSuitesSequentially(TestNG.java:1187)
at org.testng.TestNG.runSuitesLocally(TestNG.java:1109)
at org.testng.TestNG.runSuites(TestNG.java:1039)
at org.testng.TestNG.run(TestNG.java:1007)
at org.testng.remote.AbstractRemoteTestNG.run(AbstractRemoteTestNG.java:115)
at org.testng.remote.RemoteTestNG.initAndRun(RemoteTestNG.java:251)
at org.testng.remote.RemoteTestNG.main(RemoteTestNG.java:77)
]]>
    </failure>
  </testcase> <!-- @BeforeClass setup -->
  <testcase classname="com.google.testcases.baseClass" name="@AfterClass teardown" time="-1.644949779642E9">
    <skipped/>
  </testcase> <!-- @AfterClass teardown -->
  <testcase classname="com.google.testcases.TC_datadriven_search" name="datadriven_search" time="0.0">
    <skipped/>
  </testcase> <!-- datadriven_search -->
  <testcase classname="com.google.testcases.TC_datadriven_search" name="datadriven_search" time="0.0">
    <skipped/>
  </testcase> <!-- datadriven_search -->
  <testcase classname="com.google.testcases.TC_datadriven_search" name="datadriven_search" time="0.0">
    <skipped/>
  </testcase> <!-- datadriven_search -->
  <testcase classname="com.google.testcases.TC_datadriven_search" name="datadriven_search" time="0.0">
    <skipped/>
  </testcase> <!-- datadriven_search -->
</testsuite> <!-- Default test -->
